==============================================
Job  : 2009927
Node : compute-2-04
CPUs : 18
Root : /home/adfield/MA551_Computational_Statistics
Cat  : /home/adfield/MA551_Computational_Statistics/cosmos15_superbit2023_phot_shapes_with_sigma.csv
PSF  : none (Gaussian fallback)
Start: Tue 05 May 2026 06:55:55 PM EDT
==============================================
WARNING: No .psf file found in /home/adfield/MA551_Computational_Statistics/psf_data. Using Gaussian PSF.

============================================================
METACALIBRATION BIAS ESTIMATES
============================================================
  Galaxies processed : 50,000 / 50,000
  m  = (5.671 +/- 5.442) x 10^-3
  c  = (0.00497 +/- 0.00105)
  R11 (ensemble)     : 0.9401 +/- 0.0007
============================================================

Output : /home/adfield/MA551_Computational_Statistics/final_project/results/metacal_bias.json
Next   : Rscript R/run_all.R  (reads metacal_bias.json automatically)
Python exit code: 0

=== Running R analysis pipeline ===
Working directory: /home/adfield/MA551_Computational_Statistics/final_project

=== 0. Loading metacalibration bias estimates ===
  m_hat = +0.00567  (SE = 0.00544)  [measured by metacalibration]
  c_hat = +0.00497  (SE = 0.00105)
  n_gal_metacal = 50000  success_rate = 100.0%

=== 1. Lensing forward model ===
Grid: 32x32  field=3.20 arcmin  pix=0.100 arcmin
Peak kappa: 0.2970  aperture_mass: 0.3461
N_gal=50000  sigma_pix=0.0372  max|gamma|=0.1027

=== 2. Simple Monte Carlo (measured bias m, c) ===
L2 error:      mean=0.4797  sd=0.0142
Peak kappa:    mean=0.3097  sd=0.0186  (true=0.2970)
Aperture mass: mean=0.2518  sd=0.0046  (true=0.3461)

--- Unbiased baseline (m=0, c=0) for IS reference ---
L2 error (m=0): mean=0.4797  sd=0.0141

=== 3. Antithetic variable MC ===
Variance reduction (%):
  l2_err    : -100.1%
  peak      : -1.9%
  apmass    : +100.0%

=== 4. Importance sampling over multiplicative bias m ===
(N_gal=50000 should show IS benefit over uniform grid)
IS estimate of E_p[L2 error]: 0.4798  (SE: 0.0401)
Uniform grid estimate:        0.4799
Effective sample size (ESS):  56.5 / 100

=== 5. Bootstrap CIs on aperture mass ===
aperture_mass: obs=0.2518  boot mean=0.2519  bias=0.0001  SE=0.0049
95% Percentile CI: [0.2419, 0.2614]
95% BCa CI:        [0.2415, 0.2611]  (z0=-0.020  a=-0.0029)
Noiseless KS aperture mass (target): 0.2504

=== 6. Bootstrap coverage study ===
Bootstrap coverage study: n_outer=200, B=1000, N_gal=50000, conf=0.95
  outer replicate 50/200 done
  outer replicate 100/200 done
  outer replicate 150/200 done
  outer replicate 200/200 done

Coverage results (nominal = 95%):
  Percentile CI: coverage = 0.960  mean width = 0.0185
  BCa CI:        coverage = 0.960  mean width = 0.0186

=== 7. Power analysis: detecting |m| = 0.01 at 5-sigma ===
Analytic delta (m=0.01): 0.00250
SD(apmass) at N_gal=50000: 0.00479

B = 2000 replicates per condition

N_gal       power     NCP       SD(T)   
1000        0.0026    2.34      0.03387 
2000        0.0340    3.31      0.02395 
5000        0.5383    5.23      0.01514 
10000       0.9881    7.39      0.01071 
20000       1.0000    10.46     0.00757 
50000       1.0000    16.53     0.00479 
100000      1.0000    23.38     0.00339 
200000      1.0000    33.06     0.00239 

=== 8. NCP validation: analytic vs MC (N_GAL=%d, B=%d) ===
 50000 2000This directly tests whether the analytic NCP formula is accurate
 at the higher B and N_GAL used in this scaled-up study.

Running 2000 null replicates ...
Running 2000 alternative replicates (m=0.01) ...

              MC            Analytic    
  delta:      0.00233       0.00250     
  NCP:        15.28         16.53       
  Power:      1.0000        1.0000      

  NCP relative error: 7.6%
  (Should be < 5% at B=2000 vs ~15% at B=500)

Minimum N_gal for 80% power (B=2000, m=0.01, 5-sigma): 6,527

=== 10. Saving results ===
Results saved to results/all_results.rds
Render final_report.Rmd to produce the PDF.

End    : Tue 05 May 2026 07:00:59 PM EDT
Runtime: 00:05:04
